  main.cpp
E:\code-cpp\code-gl\LearningGL\LearningGL\FPSCamera.h(61,24): warning C4244: 'initializing': conversion from 'GLdouble' to 'GLfloat', possible loss of data
E:\code-cpp\code-gl\LearningGL\LearningGL\FPSCamera.h(115,51): warning C4244: '=': conversion from 'double' to 'T', possible loss of data
          with
          [
              T=float
          ]
E:\code-cpp\code-gl\LearningGL\LearningGL\FPSCamera.h(116,23): warning C4244: '=': conversion from 'double' to 'T', possible loss of data
          with
          [
              T=float
          ]
E:\code-cpp\code-gl\LearningGL\LearningGL\FPSCamera.h(117,51): warning C4244: '=': conversion from 'double' to 'T', possible loss of data
          with
          [
              T=float
          ]
E:\code-cpp\code-gl\LearningGL\LearningGL\main.cpp(20,24): warning C4305: 'initializing': truncation from 'double' to 'GLfloat'
E:\code-cpp\code-gl\LearningGL\LearningGL\main.cpp(312,23): warning C4244: 'initializing': conversion from 'double' to 'GLfloat', possible loss of data
LINK : warning LNK4098: defaultlib 'MSVCRT' conflicts with use of other libs; use /NODEFAULTLIB:library
  LearningGL.vcxproj -> E:\code-cpp\code-gl\LearningGL\x64\Debug\LearningGL.exe
